<?xml version="1.0" encoding="UTF-8"?>
<!-- Generated by org.testng.reporters.JUnitXMLReporter -->
<testsuite hostname="Windows81" name="Command line test" tests="5" failures="0" timestamp="5 Jan 2020 08:28:34 GMT" time="27.404" errors="0">
  <testcase name="praticeDemoTest" time="0.003" classname="com.api.TestScripts.DemoTest"/>
  <testcase name="getAllEmp" time="11.217" classname="com.api.TestScripts.FetchAllEmployeesTest"/>
  <testcase name="fetchCountry" time="11.901" classname="com.api.TestScripts.GetRequestTest"/>
  <testcase name="createPost" time="3.913" classname="com.api.TestScripts.PostRequestTest"/>
  <testcase name="praticeSampleTest" time="0.0" classname="com.api.TestScripts.SampleTest"/>
</testsuite> <!-- Command line test -->
