<?xml version="1.0" encoding="UTF-8"?>
<testng-results skipped="0" failed="0" total="2" passed="2">
  <reporter-output>
  </reporter-output>
  <suite name="Suite" duration-ms="11332" started-at="2020-01-12T06:59:50Z" finished-at="2020-01-12T07:00:01Z">
    <groups>
    </groups>
    <test name="Test" duration-ms="9176" started-at="2020-01-12T06:59:50Z" finished-at="2020-01-12T06:59:59Z">
      <class name="com.api.TestScripts.FetchAllEmployeesTest">
        <test-method status="PASS" signature="getAllEmp()[pri:0, instance:com.api.TestScripts.FetchAllEmployeesTest@61a52fbd]" name="getAllEmp" duration-ms="9140" started-at="2020-01-12T12:29:50Z" finished-at="2020-01-12T12:29:59Z">
          <reporter-output>
          </reporter-output>
        </test-method> <!-- getAllEmp -->
      </class> <!-- com.api.TestScripts.FetchAllEmployeesTest -->
    </test> <!-- Test -->
    <test name="Test1" duration-ms="1479" started-at="2020-01-12T06:59:59Z" finished-at="2020-01-12T07:00:01Z">
      <class name="com.api.TestScripts.GetRequestTest">
        <test-method status="PASS" signature="fetchCountry()[pri:0, instance:com.api.TestScripts.GetRequestTest@3f0ee7cb]" name="fetchCountry" duration-ms="1473" started-at="2020-01-12T12:29:59Z" finished-at="2020-01-12T12:30:01Z">
          <reporter-output>
          </reporter-output>
        </test-method> <!-- fetchCountry -->
      </class> <!-- com.api.TestScripts.GetRequestTest -->
    </test> <!-- Test1 -->
  </suite> <!-- Suite -->
</testng-results>
