<?xml version="1.0" encoding="UTF-8"?>
<testng-results skipped="0" failed="0" total="1" passed="1">
  <reporter-output>
  </reporter-output>
  <suite name="Command line suite" duration-ms="38" started-at="2020-01-05T08:28:43Z" finished-at="2020-01-05T08:28:43Z">
    <groups>
    </groups>
    <test name="Command line test" duration-ms="38" started-at="2020-01-05T08:28:43Z" finished-at="2020-01-05T08:28:43Z">
      <class name="ArjitRest.ArjitRest.AppTest">
        <test-method status="PASS" signature="testApp()[pri:0, instance:testApp(ArjitRest.ArjitRest.AppTest)]" name="testApp" duration-ms="2" started-at="2020-01-05T13:58:43Z" finished-at="2020-01-05T13:58:43Z">
          <reporter-output>
          </reporter-output>
        </test-method> <!-- testApp -->
      </class> <!-- ArjitRest.ArjitRest.AppTest -->
    </test> <!-- Command line test -->
  </suite> <!-- Command line suite -->
</testng-results>
